This file contains any messages produced by compilers while
running configure, to aid debugging if configure makes a mistake.

It was created by xcompmgr configure 1.1.9, which was
generated by GNU Autoconf 2.71.  Invocation command line was

  $ ./src/xcompmgr-modified/configure

## --------- ##
## Platform. ##
## --------- ##

hostname = pc
uname -m = x86_64
uname -r = 6.12.48
uname -s = Linux
uname -v = #1-NixOS SMP PREEMPT_DYNAMIC Fri Sep 19 14:35:52 UTC 2025

/usr/bin/uname -p = unknown
/bin/uname -X     = unknown

/bin/arch              = unknown
/usr/bin/arch -k       = unknown
/usr/convex/getsysinfo = unknown
/usr/bin/hostinfo      = unknown
/bin/machine           = unknown
/usr/bin/oslevel       = unknown
/bin/universe          = unknown

PATH: /nix/store/smkzrg2vvp3lng3hq7v9svfni5mnqjh2-bash-interactive-5.2p37/bin/
PATH: /nix/store/g7i75czfbw9sy5f8v7rjbama6lr3ya3s-patchelf-0.15.0/bin/
PATH: /nix/store/kaj8d1zcn149m40s9h0xi0khakibiphz-gcc-wrapper-14.3.0/bin/
PATH: /nix/store/8adzgnxs3s0pbj22qhk9zjxi1fqmz3xv-gcc-14.3.0/bin/
PATH: /nix/store/p2ixvjsas4qw58dcwk01d22skwq4fyka-glibc-2.40-66-bin/bin/
PATH: /nix/store/rry6qingvsrqmc7ll7jgaqpybcbdgf5v-coreutils-9.7/bin/
PATH: /nix/store/87zpmcmwvn48z4lbrfba74b312h22s6c-binutils-wrapper-2.44/bin/
PATH: /nix/store/ap35np2bkwaba3rxs3qlxpma57n2awyb-binutils-2.44/bin/
PATH: /nix/store/bl3k3x03il2kxzw8z419nj4c4mf79wk3-python3-3.12.11-env/bin/
PATH: /nix/store/gpq4fpv4s308z9bg02gd0dnydiiy8l4b-gnumake-4.4.1/bin/
PATH: /nix/store/284df5f5mq01h1wmsz9grrqzraa3r9vi-pkg-config-wrapper-0.29.2/bin/
PATH: /nix/store/2dm37b611vmzcpbfp516zvbalyiynlmy-xcompmgr-1.1.9/bin/
PATH: /nix/store/56bc1sb0s66xw08bjfd32haqm8pcgbkp-freetype-2.13.3-dev/bin/
PATH: /nix/store/w1pxx760yidi7n9vbi5bhpii9xxl5vdj-bzip2-1.0.8-bin/bin/
PATH: /nix/store/dhqi2fy2g4a2xp324q4bwvp8lbkk549r-brotli-1.1.0/bin/
PATH: /nix/store/nxgnkcissxm3xzlibp43pwjm8yzq08yh-libpng-apng-1.6.46-dev/bin/
PATH: /nix/store/rry6qingvsrqmc7ll7jgaqpybcbdgf5v-coreutils-9.7/bin/
PATH: /nix/store/392hs9nhm6wfw4imjllbvb1wil1n39qx-findutils-4.10.0/bin/
PATH: /nix/store/xw0mf3shymq3k7zlncf09rm8917sdi4h-diffutils-3.12/bin/
PATH: /nix/store/4rpiqv9yr2pw5094v4wc33ijkqjpm9sa-gnused-4.9/bin/
PATH: /nix/store/l2wvwyg680h0v2la18hz3yiznxy2naqw-gnugrep-3.11/bin/
PATH: /nix/store/c1z5j28ndxljf1ihqzag57bwpfpzms0g-gawk-5.3.2/bin/
PATH: /nix/store/w60s4xh1pjg6dwbw7j0b4xzlpp88q5qg-gnutar-1.35/bin/
PATH: /nix/store/xd9m9jkvrs8pbxvmkzkwviql33rd090j-gzip-1.14/bin/
PATH: /nix/store/w1pxx760yidi7n9vbi5bhpii9xxl5vdj-bzip2-1.0.8-bin/bin/
PATH: /nix/store/xk0d14zpm0njxzdm182dd722aqhav2cc-gnumake-4.4.1/bin/
PATH: /nix/store/cfqbabpc7xwg8akbcchqbq3cai6qq2vs-bash-5.2p37/bin/
PATH: /nix/store/gj54zvf7vxll1mzzmqhqi1p4jiws3mfb-patch-2.7.6/bin/
PATH: /nix/store/22rpb6790f346c55iqi6s9drr5qgmyjf-xz-5.8.1-bin/bin/
PATH: /nix/store/xlmpcglsq8l09qh03rf0virz0331pjdc-file-5.45/bin/
PATH: /nix/store/lxik5q72dhabsx5a066prsxc5f3kz7ss-exo-4.20.0/bin/
PATH: /run/wrappers/bin/
PATH: /home/henrique/.nix-profile/bin/
PATH: /nix/profile/bin/
PATH: /home/henrique/.local/state/nix/profile/bin/
PATH: /etc/profiles/per-user/henrique/bin/
PATH: /nix/var/nix/profiles/default/bin/
PATH: /run/current-system/sw/bin/


## ----------- ##
## Core tests. ##
## ----------- ##

configure:2332: looking for aux files: config.guess config.sub compile missing install-sh
configure:2345:  trying ./src/xcompmgr-modified/
configure:2374:   ./src/xcompmgr-modified/config.guess found
configure:2374:   ./src/xcompmgr-modified/config.sub found
configure:2374:   ./src/xcompmgr-modified/compile found
configure:2374:   ./src/xcompmgr-modified/missing found
configure:2356:   ./src/xcompmgr-modified/install-sh found
configure:2508: checking for a BSD-compatible install
configure:2581: result: /nix/store/rry6qingvsrqmc7ll7jgaqpybcbdgf5v-coreutils-9.7/bin/install -c
configure:2592: checking whether build environment is sane
configure:2647: result: yes
configure:2806: checking for a race-free mkdir -p
configure:2850: result: /nix/store/rry6qingvsrqmc7ll7jgaqpybcbdgf5v-coreutils-9.7/bin/mkdir -p
configure:2857: checking for gawk
configure:2878: found /nix/store/c1z5j28ndxljf1ihqzag57bwpfpzms0g-gawk-5.3.2/bin/gawk
configure:2889: result: gawk
configure:2900: checking whether make sets $(MAKE)
configure:2923: result: yes
configure:2953: checking whether make supports nested variables
configure:2971: result: yes
configure:3133: checking whether make supports the include directive
configure:3148: make -f confmf.GNU && cat confinc.out
this is the am__doit target
configure:3151: $? = 0
configure:3170: result: yes (GNU style)
configure:3246: checking for gcc
configure:3278: result: gcc
configure:3631: checking for C compiler version
configure:3640: gcc --version >&5
gcc (GCC) 14.3.0
Copyright (C) 2024 Free Software Foundation, Inc.
This is free software; see the source for copying conditions.  There is NO
warranty; not even for MERCHANTABILITY or FITNESS FOR A PARTICULAR PURPOSE.

configure:3651: $? = 0
configure:3640: gcc -v >&5
Using built-in specs.
COLLECT_GCC=/nix/store/8adzgnxs3s0pbj22qhk9zjxi1fqmz3xv-gcc-14.3.0/bin/gcc
COLLECT_LTO_WRAPPER=/nix/store/8adzgnxs3s0pbj22qhk9zjxi1fqmz3xv-gcc-14.3.0/libexec/gcc/x86_64-unknown-linux-gnu/14.3.0/lto-wrapper
Target: x86_64-unknown-linux-gnu
Configured with: ../gcc-14.3.0/configure --prefix=/nix/store/eeeeeeeeeeeeeeeeeeeeeeeeeeeeeeee-gcc-14.3.0 --with-gmp-include=/nix/store/eeeeeeeeeeeeeeeeeeeeeeeeeeeeeeee-gmp-6.3.0-dev/include --with-gmp-lib=/nix/store/eeeeeeeeeeeeeeeeeeeeeeeeeeeeeeee-gmp-6.3.0/lib --with-mpfr-include=/nix/store/eeeeeeeeeeeeeeeeeeeeeeeeeeeeeeee-mpfr-4.2.2-dev/include --with-mpfr-lib=/nix/store/eeeeeeeeeeeeeeeeeeeeeeeeeeeeeeee-mpfr-4.2.2/lib --with-mpc=/nix/store/eeeeeeeeeeeeeeeeeeeeeeeeeeeeeeee-libmpc-1.3.1 --with-native-system-header-dir=/nix/store/eeeeeeeeeeeeeeeeeeeeeeeeeeeeeeee-glibc-2.40-66-dev/include --with-build-sysroot=/ --with-gxx-include-dir=/nix/store/eeeeeeeeeeeeeeeeeeeeeeeeeeeeeeee-gcc-14.3.0/include/c++/14.3.0/ --program-prefix= --enable-lto --disable-libstdcxx-pch --without-included-gettext --with-system-zlib --enable-static --enable-languages=c,c++ --disable-multilib --enable-plugin --disable-libcc1 --with-isl=/nix/store/eeeeeeeeeeeeeeeeeeeeeeeeeeeeeeee-isl-0.20 --disable-bootstrap --build=x86_64-unknown-linux-gnu --host=x86_64-unknown-linux-gnu --target=x86_64-unknown-linux-gnu
Thread model: posix
Supported LTO compression algorithms: zlib
gcc version 14.3.0 (GCC) 
configure:3651: $? = 0
configure:3640: gcc -V >&5
gcc: error: unrecognized command-line option '-V'
gcc: fatal error: no input files
compilation terminated.
configure:3651: $? = 1
configure:3640: gcc -qversion >&5
gcc: error: unrecognized command-line option '-qversion'; did you mean '--version'?
gcc: fatal error: no input files
compilation terminated.
configure:3651: $? = 1
configure:3640: gcc -version >&5
gcc: error: unrecognized command-line option '-version'
gcc: fatal error: no input files
compilation terminated.
configure:3651: $? = 1
configure:3671: checking whether the C compiler works
configure:3693: gcc    conftest.c  >&5
configure:3697: $? = 0
configure:3747: result: yes
configure:3750: checking for C compiler default output file name
configure:3752: result: a.out
configure:3758: checking for suffix of executables
configure:3765: gcc -o conftest    conftest.c  >&5
configure:3769: $? = 0
configure:3792: result: 
configure:3814: checking whether we are cross compiling
configure:3822: gcc -o conftest    conftest.c  >&5
configure:3826: $? = 0
configure:3833: ./conftest
configure:3837: $? = 0
configure:3852: result: no
configure:3857: checking for suffix of object files
configure:3880: gcc -c   conftest.c >&5
configure:3884: $? = 0
configure:3906: result: o
configure:3910: checking whether the compiler supports GNU C
configure:3930: gcc -c   conftest.c >&5
configure:3930: $? = 0
configure:3940: result: yes
configure:3951: checking whether gcc accepts -g
configure:3972: gcc -c -g  conftest.c >&5
configure:3972: $? = 0
configure:4016: result: yes
configure:4036: checking for gcc option to enable C11 features
configure:4051: gcc  -c -g -O2  conftest.c >&5
configure:4051: $? = 0
configure:4069: result: none needed
configure:4185: checking whether gcc understands -c and -o together
configure:4208: gcc -c conftest.c -o conftest2.o
configure:4211: $? = 0
configure:4208: gcc -c conftest.c -o conftest2.o
configure:4211: $? = 0
configure:4223: result: yes
configure:4242: checking dependency style of gcc
configure:4354: result: gcc3
configure:4371: checking for gcc options needed to detect all undeclared functions
configure:4393: gcc -c -g -O2   conftest.c >&5
conftest.c: In function 'main':
conftest.c:15:8: error: 'strchr' undeclared (first use in this function)
   15 | (void) strchr;
      |        ^~~~~~
conftest.c:1:1: note: 'strchr' is defined in header '<string.h>'; this is probably fixable by adding '#include <string.h>'
    1 | /* confdefs.h */
conftest.c:15:8: note: each undeclared identifier is reported only once for each function it appears in
   15 | (void) strchr;
      |        ^~~~~~
configure:4393: $? = 1
configure: failed program was:
| /* confdefs.h */
| #define PACKAGE_NAME "xcompmgr"
| #define PACKAGE_TARNAME "xcompmgr"
| #define PACKAGE_VERSION "1.1.9"
| #define PACKAGE_STRING "xcompmgr 1.1.9"
| #define PACKAGE_BUGREPORT "https://gitlab.freedesktop.org/xorg/app/xcompmgr/-/issues"
| #define PACKAGE_URL ""
| #define PACKAGE "xcompmgr"
| #define VERSION "1.1.9"
| /* end confdefs.h.  */
| 
| int
| main (void)
| {
| (void) strchr;
|   ;
|   return 0;
| }
configure:4420: gcc -c -g -O2   conftest.c >&5
configure:4420: $? = 0
configure:4437: result: none needed
configure:4455: checking for stdio.h
configure:4455: gcc -c -g -O2  conftest.c >&5
configure:4455: $? = 0
configure:4455: result: yes
configure:4455: checking for stdlib.h
configure:4455: gcc -c -g -O2  conftest.c >&5
configure:4455: $? = 0
configure:4455: result: yes
configure:4455: checking for string.h
configure:4455: gcc -c -g -O2  conftest.c >&5
configure:4455: $? = 0
configure:4455: result: yes
configure:4455: checking for inttypes.h
configure:4455: gcc -c -g -O2  conftest.c >&5
configure:4455: $? = 0
configure:4455: result: yes
configure:4455: checking for stdint.h
configure:4455: gcc -c -g -O2  conftest.c >&5
configure:4455: $? = 0
configure:4455: result: yes
configure:4455: checking for strings.h
configure:4455: gcc -c -g -O2  conftest.c >&5
configure:4455: $? = 0
configure:4455: result: yes
configure:4455: checking for sys/stat.h
configure:4455: gcc -c -g -O2  conftest.c >&5
configure:4455: $? = 0
configure:4455: result: yes
configure:4455: checking for sys/types.h
configure:4455: gcc -c -g -O2  conftest.c >&5
configure:4455: $? = 0
configure:4455: result: yes
configure:4455: checking for unistd.h
configure:4455: gcc -c -g -O2  conftest.c >&5
configure:4455: $? = 0
configure:4455: result: yes
configure:4484: checking whether __clang__ is declared
configure:4484: gcc -c -g -O2   conftest.c >&5
conftest.c: In function 'main':
conftest.c:56:10: error: '__clang__' undeclared (first use in this function)
   56 |   (void) __clang__;
      |          ^~~~~~~~~
conftest.c:56:10: note: each undeclared identifier is reported only once for each function it appears in
configure:4484: $? = 1
configure: failed program was:
| /* confdefs.h */
| #define PACKAGE_NAME "xcompmgr"
| #define PACKAGE_TARNAME "xcompmgr"
| #define PACKAGE_VERSION "1.1.9"
| #define PACKAGE_STRING "xcompmgr 1.1.9"
| #define PACKAGE_BUGREPORT "https://gitlab.freedesktop.org/xorg/app/xcompmgr/-/issues"
| #define PACKAGE_URL ""
| #define PACKAGE "xcompmgr"
| #define VERSION "1.1.9"
| #define HAVE_STDIO_H 1
| #define HAVE_STDLIB_H 1
| #define HAVE_STRING_H 1
| #define HAVE_INTTYPES_H 1
| #define HAVE_STDINT_H 1
| #define HAVE_STRINGS_H 1
| #define HAVE_SYS_STAT_H 1
| #define HAVE_SYS_TYPES_H 1
| #define HAVE_UNISTD_H 1
| #define STDC_HEADERS 1
| /* end confdefs.h.  */
| #include <stddef.h>
| #ifdef HAVE_STDIO_H
| # include <stdio.h>
| #endif
| #ifdef HAVE_STDLIB_H
| # include <stdlib.h>
| #endif
| #ifdef HAVE_STRING_H
| # include <string.h>
| #endif
| #ifdef HAVE_INTTYPES_H
| # include <inttypes.h>
| #endif
| #ifdef HAVE_STDINT_H
| # include <stdint.h>
| #endif
| #ifdef HAVE_STRINGS_H
| # include <strings.h>
| #endif
| #ifdef HAVE_SYS_TYPES_H
| # include <sys/types.h>
| #endif
| #ifdef HAVE_SYS_STAT_H
| # include <sys/stat.h>
| #endif
| #ifdef HAVE_UNISTD_H
| # include <unistd.h>
| #endif
| int
| main (void)
| {
| #ifndef __clang__
| #ifdef __cplusplus
|   (void) __clang__;
| #else
|   (void) __clang__;
| #endif
| #endif
| 
|   ;
|   return 0;
| }
configure:4484: result: no
configure:4491: checking whether __INTEL_COMPILER is declared
configure:4491: gcc -c -g -O2   conftest.c >&5
conftest.c: In function 'main':
conftest.c:56:10: error: '__INTEL_COMPILER' undeclared (first use in this function)
   56 |   (void) __INTEL_COMPILER;
      |          ^~~~~~~~~~~~~~~~
conftest.c:56:10: note: each undeclared identifier is reported only once for each function it appears in
configure:4491: $? = 1
configure: failed program was:
| /* confdefs.h */
| #define PACKAGE_NAME "xcompmgr"
| #define PACKAGE_TARNAME "xcompmgr"
| #define PACKAGE_VERSION "1.1.9"
| #define PACKAGE_STRING "xcompmgr 1.1.9"
| #define PACKAGE_BUGREPORT "https://gitlab.freedesktop.org/xorg/app/xcompmgr/-/issues"
| #define PACKAGE_URL ""
| #define PACKAGE "xcompmgr"
| #define VERSION "1.1.9"
| #define HAVE_STDIO_H 1
| #define HAVE_STDLIB_H 1
| #define HAVE_STRING_H 1
| #define HAVE_INTTYPES_H 1
| #define HAVE_STDINT_H 1
| #define HAVE_STRINGS_H 1
| #define HAVE_SYS_STAT_H 1
| #define HAVE_SYS_TYPES_H 1
| #define HAVE_UNISTD_H 1
| #define STDC_HEADERS 1
| /* end confdefs.h.  */
| #include <stddef.h>
| #ifdef HAVE_STDIO_H
| # include <stdio.h>
| #endif
| #ifdef HAVE_STDLIB_H
| # include <stdlib.h>
| #endif
| #ifdef HAVE_STRING_H
| # include <string.h>
| #endif
| #ifdef HAVE_INTTYPES_H
| # include <inttypes.h>
| #endif
| #ifdef HAVE_STDINT_H
| # include <stdint.h>
| #endif
| #ifdef HAVE_STRINGS_H
| # include <strings.h>
| #endif
| #ifdef HAVE_SYS_TYPES_H
| # include <sys/types.h>
| #endif
| #ifdef HAVE_SYS_STAT_H
| # include <sys/stat.h>
| #endif
| #ifdef HAVE_UNISTD_H
| # include <unistd.h>
| #endif
| int
| main (void)
| {
| #ifndef __INTEL_COMPILER
| #ifdef __cplusplus
|   (void) __INTEL_COMPILER;
| #else
|   (void) __INTEL_COMPILER;
| #endif
| #endif
| 
|   ;
|   return 0;
| }
configure:4491: result: no
configure:4498: checking whether __SUNPRO_C is declared
configure:4498: gcc -c -g -O2   conftest.c >&5
conftest.c: In function 'main':
conftest.c:56:10: error: '__SUNPRO_C' undeclared (first use in this function)
   56 |   (void) __SUNPRO_C;
      |          ^~~~~~~~~~
conftest.c:56:10: note: each undeclared identifier is reported only once for each function it appears in
configure:4498: $? = 1
configure: failed program was:
| /* confdefs.h */
| #define PACKAGE_NAME "xcompmgr"
| #define PACKAGE_TARNAME "xcompmgr"
| #define PACKAGE_VERSION "1.1.9"
| #define PACKAGE_STRING "xcompmgr 1.1.9"
| #define PACKAGE_BUGREPORT "https://gitlab.freedesktop.org/xorg/app/xcompmgr/-/issues"
| #define PACKAGE_URL ""
| #define PACKAGE "xcompmgr"
| #define VERSION "1.1.9"
| #define HAVE_STDIO_H 1
| #define HAVE_STDLIB_H 1
| #define HAVE_STRING_H 1
| #define HAVE_INTTYPES_H 1
| #define HAVE_STDINT_H 1
| #define HAVE_STRINGS_H 1
| #define HAVE_SYS_STAT_H 1
| #define HAVE_SYS_TYPES_H 1
| #define HAVE_UNISTD_H 1
| #define STDC_HEADERS 1
| /* end confdefs.h.  */
| #include <stddef.h>
| #ifdef HAVE_STDIO_H
| # include <stdio.h>
| #endif
| #ifdef HAVE_STDLIB_H
| # include <stdlib.h>
| #endif
| #ifdef HAVE_STRING_H
| # include <string.h>
| #endif
| #ifdef HAVE_INTTYPES_H
| # include <inttypes.h>
| #endif
| #ifdef HAVE_STDINT_H
| # include <stdint.h>
| #endif
| #ifdef HAVE_STRINGS_H
| # include <strings.h>
| #endif
| #ifdef HAVE_SYS_TYPES_H
| # include <sys/types.h>
| #endif
| #ifdef HAVE_SYS_STAT_H
| # include <sys/stat.h>
| #endif
| #ifdef HAVE_UNISTD_H
| # include <unistd.h>
| #endif
| int
| main (void)
| {
| #ifndef __SUNPRO_C
| #ifdef __cplusplus
|   (void) __SUNPRO_C;
| #else
|   (void) __SUNPRO_C;
| #endif
| #endif
| 
|   ;
|   return 0;
| }
configure:4498: result: no
configure:4565: checking for pkg-config
configure:4588: found /nix/store/284df5f5mq01h1wmsz9grrqzraa3r9vi-pkg-config-wrapper-0.29.2/bin/pkg-config
configure:4600: result: /nix/store/284df5f5mq01h1wmsz9grrqzraa3r9vi-pkg-config-wrapper-0.29.2/bin/pkg-config
configure:4625: checking pkg-config is at least version 0.9.0
configure:4628: result: yes
configure:4642: checking build system type
configure:4657: result: x86_64-pc-linux-gnu
configure:4677: checking host system type
configure:4691: result: x86_64-pc-linux-gnu
configure:4711: checking for a sed that does not truncate output
configure:4781: result: /nix/store/4rpiqv9yr2pw5094v4wc33ijkqjpm9sa-gnused-4.9/bin/sed
configure:4828: checking if gcc supports -Werror=unknown-warning-option
configure:4838: gcc -c -g -O2 -Werror=unknown-warning-option  conftest.c >&5
cc1: error: '-Werror=unknown-warning-option': no option '-Wunknown-warning-option'
configure:4838: $? = 1
configure: failed program was:
| /* confdefs.h */
| #define PACKAGE_NAME "xcompmgr"
| #define PACKAGE_TARNAME "xcompmgr"
| #define PACKAGE_VERSION "1.1.9"
| #define PACKAGE_STRING "xcompmgr 1.1.9"
| #define PACKAGE_BUGREPORT "https://gitlab.freedesktop.org/xorg/app/xcompmgr/-/issues"
| #define PACKAGE_URL ""
| #define PACKAGE "xcompmgr"
| #define VERSION "1.1.9"
| #define HAVE_STDIO_H 1
| #define HAVE_STDLIB_H 1
| #define HAVE_STRING_H 1
| #define HAVE_INTTYPES_H 1
| #define HAVE_STDINT_H 1
| #define HAVE_STRINGS_H 1
| #define HAVE_SYS_STAT_H 1
| #define HAVE_SYS_TYPES_H 1
| #define HAVE_UNISTD_H 1
| #define STDC_HEADERS 1
| /* end confdefs.h.  */
| int i;
configure:4846: result: no
configure:4857: checking if gcc supports -Werror=unused-command-line-argument
configure:4867: gcc -c -g -O2 -Werror=unused-command-line-argument  conftest.c >&5
cc1: error: '-Werror=unused-command-line-argument': no option '-Wunused-command-line-argument'; did you mean '-Wunused-dummy-argument'?
configure:4867: $? = 1
configure: failed program was:
| /* confdefs.h */
| #define PACKAGE_NAME "xcompmgr"
| #define PACKAGE_TARNAME "xcompmgr"
| #define PACKAGE_VERSION "1.1.9"
| #define PACKAGE_STRING "xcompmgr 1.1.9"
| #define PACKAGE_BUGREPORT "https://gitlab.freedesktop.org/xorg/app/xcompmgr/-/issues"
| #define PACKAGE_URL ""
| #define PACKAGE "xcompmgr"
| #define VERSION "1.1.9"
| #define HAVE_STDIO_H 1
| #define HAVE_STDLIB_H 1
| #define HAVE_STRING_H 1
| #define HAVE_INTTYPES_H 1
| #define HAVE_STDINT_H 1
| #define HAVE_STRINGS_H 1
| #define HAVE_SYS_STAT_H 1
| #define HAVE_SYS_TYPES_H 1
| #define HAVE_UNISTD_H 1
| #define STDC_HEADERS 1
| /* end confdefs.h.  */
| int i;
configure:4875: result: no
configure:4894: checking if gcc supports -Wall
configure:4912: gcc -o conftest -g -O2 -Wall   conftest.c  >&5
configure:4912: $? = 0
configure:4926: result: yes
configure:5018: checking if gcc supports -Wpointer-arith
configure:5036: gcc -o conftest -g -O2 -Wpointer-arith   conftest.c  >&5
configure:5036: $? = 0
configure:5050: result: yes
configure:5142: checking if gcc supports -Wmissing-declarations
configure:5160: gcc -o conftest -g -O2 -Wmissing-declarations   conftest.c  >&5
configure:5160: $? = 0
configure:5174: result: yes
configure:5266: checking if gcc supports -Wformat=2
configure:5284: gcc -o conftest -g -O2 -Wformat=2   conftest.c  >&5
configure:5284: $? = 0
configure:5298: result: yes
configure:5443: checking if gcc supports -Wstrict-prototypes
configure:5461: gcc -o conftest -g -O2 -Wstrict-prototypes   conftest.c  >&5
configure:5461: $? = 0
configure:5475: result: yes
configure:5567: checking if gcc supports -Wmissing-prototypes
configure:5585: gcc -o conftest -g -O2 -Wmissing-prototypes   conftest.c  >&5
configure:5585: $? = 0
configure:5599: result: yes
configure:5691: checking if gcc supports -Wnested-externs
configure:5709: gcc -o conftest -g -O2 -Wnested-externs   conftest.c  >&5
configure:5709: $? = 0
configure:5723: result: yes
configure:5815: checking if gcc supports -Wbad-function-cast
configure:5833: gcc -o conftest -g -O2 -Wbad-function-cast   conftest.c  >&5
configure:5833: $? = 0
configure:5847: result: yes
configure:5939: checking if gcc supports -Wold-style-definition
configure:5957: gcc -o conftest -g -O2 -Wold-style-definition   conftest.c  >&5
configure:5957: $? = 0
configure:5971: result: yes
configure:6114: checking if gcc supports -Wdeclaration-after-statement
configure:6132: gcc -o conftest -g -O2 -Wdeclaration-after-statement   conftest.c  >&5
configure:6132: $? = 0
configure:6146: result: yes
configure:6242: checking if gcc supports -Wunused
configure:6260: gcc -o conftest -g -O2 -Wunused   conftest.c  >&5
configure:6260: $? = 0
configure:6274: result: yes
configure:6366: checking if gcc supports -Wuninitialized
configure:6384: gcc -o conftest -g -O2 -Wuninitialized   conftest.c  >&5
configure:6384: $? = 0
configure:6398: result: yes
configure:6490: checking if gcc supports -Wshadow
configure:6508: gcc -o conftest -g -O2 -Wshadow   conftest.c  >&5
configure:6508: $? = 0
configure:6522: result: yes
configure:6614: checking if gcc supports -Wmissing-noreturn
configure:6632: gcc -o conftest -g -O2 -Wmissing-noreturn   conftest.c  >&5
configure:6632: $? = 0
configure:6646: result: yes
configure:6738: checking if gcc supports -Wmissing-format-attribute
configure:6756: gcc -o conftest -g -O2 -Wmissing-format-attribute   conftest.c  >&5
configure:6756: $? = 0
configure:6770: result: yes
configure:6862: checking if gcc supports -Wredundant-decls
configure:6880: gcc -o conftest -g -O2 -Wredundant-decls   conftest.c  >&5
configure:6880: $? = 0
configure:6894: result: yes
configure:6986: checking if gcc supports -Wlogical-op
configure:7004: gcc -o conftest -g -O2 -Wlogical-op   conftest.c  >&5
configure:7004: $? = 0
configure:7018: result: yes
configure:7122: checking if gcc supports -Werror=implicit
configure:7140: gcc -o conftest -g -O2 -Werror=implicit   conftest.c  >&5
configure:7140: $? = 0
configure:7154: result: yes
configure:7297: checking if gcc supports -Werror=nonnull
configure:7315: gcc -o conftest -g -O2 -Werror=nonnull   conftest.c  >&5
configure:7315: $? = 0
configure:7329: result: yes
configure:7421: checking if gcc supports -Werror=init-self
configure:7439: gcc -o conftest -g -O2 -Werror=init-self   conftest.c  >&5
configure:7439: $? = 0
configure:7453: result: yes
configure:7545: checking if gcc supports -Werror=main
configure:7563: gcc -o conftest -g -O2 -Werror=main   conftest.c  >&5
configure:7563: $? = 0
configure:7577: result: yes
configure:7669: checking if gcc supports -Werror=missing-braces
configure:7687: gcc -o conftest -g -O2 -Werror=missing-braces   conftest.c  >&5
configure:7687: $? = 0
configure:7701: result: yes
configure:7793: checking if gcc supports -Werror=sequence-point
configure:7811: gcc -o conftest -g -O2 -Werror=sequence-point   conftest.c  >&5
configure:7811: $? = 0
configure:7825: result: yes
configure:7917: checking if gcc supports -Werror=return-type
configure:7935: gcc -o conftest -g -O2 -Werror=return-type   conftest.c  >&5
configure:7935: $? = 0
configure:7949: result: yes
configure:8092: checking if gcc supports -Werror=trigraphs
configure:8110: gcc -o conftest -g -O2 -Werror=trigraphs   conftest.c  >&5
configure:8110: $? = 0
configure:8124: result: yes
configure:8216: checking if gcc supports -Werror=array-bounds
configure:8234: gcc -o conftest -g -O2 -Werror=array-bounds   conftest.c  >&5
configure:8234: $? = 0
configure:8248: result: yes
configure:8340: checking if gcc supports -Werror=write-strings
configure:8358: gcc -o conftest -g -O2 -Werror=write-strings   conftest.c  >&5
configure:8358: $? = 0
configure:8372: result: yes
configure:8464: checking if gcc supports -Werror=address
configure:8482: gcc -o conftest -g -O2 -Werror=address   conftest.c  >&5
configure:8482: $? = 0
configure:8496: result: yes
configure:8588: checking if gcc supports -Werror=int-to-pointer-cast
configure:8606: gcc -o conftest -g -O2 -Werror=int-to-pointer-cast   conftest.c  >&5
configure:8606: $? = 0
configure:8620: result: yes
configure:8763: checking if gcc supports -Werror=pointer-to-int-cast
configure:8781: gcc -o conftest -g -O2 -Werror=pointer-to-int-cast   conftest.c  >&5
configure:8781: $? = 0
configure:8795: result: yes
configure:10536: checking if gcc supports -pedantic
configure:10554: gcc -o conftest -g -O2 -pedantic   conftest.c  >&5
configure:10554: $? = 0
configure:10568: result: yes
configure:10660: checking if gcc supports -Werror
configure:10678: gcc -o conftest -g -O2 -Werror   conftest.c  >&5
configure:10678: $? = 0
configure:10692: result: yes
configure:10838: checking if gcc supports -Werror=attributes
configure:10856: gcc -o conftest -g -O2 -Werror=attributes   conftest.c  >&5
configure:10856: $? = 0
configure:10870: result: yes
configure:11061: checking whether make supports nested variables
configure:11079: result: yes
configure:11094: checking for XCOMPMGR
configure:11101: $PKG_CONFIG --exists --print-errors "xcomposite xfixes xdamage xrender xext xproto >= 7.0.25"
Package xext was not found in the pkg-config search path.
Perhaps you should add the directory containing `xext.pc'
to the PKG_CONFIG_PATH environment variable
No package 'xext' found
configure:11104: $? = 1
configure:11118: $PKG_CONFIG --exists --print-errors "xcomposite xfixes xdamage xrender xext xproto >= 7.0.25"
Package xext was not found in the pkg-config search path.
Perhaps you should add the directory containing `xext.pc'
to the PKG_CONFIG_PATH environment variable
No package 'xext' found
configure:11121: $? = 1
configure:11135: result: no
No package 'xext' found
configure:11151: error: Package requirements (xcomposite xfixes xdamage xrender xext xproto >= 7.0.25) were not met:

No package 'xext' found

Consider adjusting the PKG_CONFIG_PATH environment variable if you
installed software in a non-standard prefix.

Alternatively, you may set the environment variables XCOMPMGR_CFLAGS
and XCOMPMGR_LIBS to avoid the need to call pkg-config.
See the pkg-config man page for more details.

## ---------------- ##
## Cache variables. ##
## ---------------- ##

ac_cv_build=x86_64-pc-linux-gnu
ac_cv_c_compiler_gnu=yes
ac_cv_c_undeclared_builtin_options='none needed'
ac_cv_env_CC_set=set
ac_cv_env_CC_value=gcc
ac_cv_env_CFLAGS_set=
ac_cv_env_CFLAGS_value=
ac_cv_env_CPPFLAGS_set=
ac_cv_env_CPPFLAGS_value=
ac_cv_env_LDFLAGS_set=
ac_cv_env_LDFLAGS_value=
ac_cv_env_LIBS_set=
ac_cv_env_LIBS_value=
ac_cv_env_PKG_CONFIG_LIBDIR_set=
ac_cv_env_PKG_CONFIG_LIBDIR_value=
ac_cv_env_PKG_CONFIG_PATH_set=
ac_cv_env_PKG_CONFIG_PATH_value=
ac_cv_env_PKG_CONFIG_set=
ac_cv_env_PKG_CONFIG_value=
ac_cv_env_XCOMPMGR_CFLAGS_set=
ac_cv_env_XCOMPMGR_CFLAGS_value=
ac_cv_env_XCOMPMGR_LIBS_set=
ac_cv_env_XCOMPMGR_LIBS_value=
ac_cv_env_build_alias_set=
ac_cv_env_build_alias_value=
ac_cv_env_host_alias_set=
ac_cv_env_host_alias_value=
ac_cv_env_target_alias_set=
ac_cv_env_target_alias_value=
ac_cv_have_decl___INTEL_COMPILER=no
ac_cv_have_decl___SUNPRO_C=no
ac_cv_have_decl___clang__=no
ac_cv_header_inttypes_h=yes
ac_cv_header_stdint_h=yes
ac_cv_header_stdio_h=yes
ac_cv_header_stdlib_h=yes
ac_cv_header_string_h=yes
ac_cv_header_strings_h=yes
ac_cv_header_sys_stat_h=yes
ac_cv_header_sys_types_h=yes
ac_cv_header_unistd_h=yes
ac_cv_host=x86_64-pc-linux-gnu
ac_cv_objext=o
ac_cv_path_SED=/nix/store/4rpiqv9yr2pw5094v4wc33ijkqjpm9sa-gnused-4.9/bin/sed
ac_cv_path_ac_pt_PKG_CONFIG=/nix/store/284df5f5mq01h1wmsz9grrqzraa3r9vi-pkg-config-wrapper-0.29.2/bin/pkg-config
ac_cv_path_install='/nix/store/rry6qingvsrqmc7ll7jgaqpybcbdgf5v-coreutils-9.7/bin/install -c'
ac_cv_path_mkdir=/nix/store/rry6qingvsrqmc7ll7jgaqpybcbdgf5v-coreutils-9.7/bin/mkdir
ac_cv_prog_AWK=gawk
ac_cv_prog_ac_ct_CC=gcc
ac_cv_prog_cc_c11=
ac_cv_prog_cc_g=yes
ac_cv_prog_cc_stdc=
ac_cv_prog_make_make_set=yes
am_cv_CC_dependencies_compiler_type=gcc3
am_cv_make_support_nested_variables=yes
am_cv_prog_cc_c_o=yes
xorg_cv_cc_flag__Wall=yes
xorg_cv_cc_flag__Wbad_function_cast=yes
xorg_cv_cc_flag__Wdeclaration_after_statement=yes
xorg_cv_cc_flag__Werror=yes
xorg_cv_cc_flag__Werror_address=yes
xorg_cv_cc_flag__Werror_array_bounds=yes
xorg_cv_cc_flag__Werror_attributes=yes
xorg_cv_cc_flag__Werror_implicit=yes
xorg_cv_cc_flag__Werror_init_self=yes
xorg_cv_cc_flag__Werror_int_to_pointer_cast=yes
xorg_cv_cc_flag__Werror_main=yes
xorg_cv_cc_flag__Werror_missing_braces=yes
xorg_cv_cc_flag__Werror_nonnull=yes
xorg_cv_cc_flag__Werror_pointer_to_int_cast=yes
xorg_cv_cc_flag__Werror_return_type=yes
xorg_cv_cc_flag__Werror_sequence_point=yes
xorg_cv_cc_flag__Werror_trigraphs=yes
xorg_cv_cc_flag__Werror_write_strings=yes
xorg_cv_cc_flag__Wformat_2=yes
xorg_cv_cc_flag__Wlogical_op=yes
xorg_cv_cc_flag__Wmissing_declarations=yes
xorg_cv_cc_flag__Wmissing_format_attribute=yes
xorg_cv_cc_flag__Wmissing_noreturn=yes
xorg_cv_cc_flag__Wmissing_prototypes=yes
xorg_cv_cc_flag__Wnested_externs=yes
xorg_cv_cc_flag__Wold_style_definition=yes
xorg_cv_cc_flag__Wpointer_arith=yes
xorg_cv_cc_flag__Wredundant_decls=yes
xorg_cv_cc_flag__Wshadow=yes
xorg_cv_cc_flag__Wstrict_prototypes=yes
xorg_cv_cc_flag__Wuninitialized=yes
xorg_cv_cc_flag__Wunused=yes
xorg_cv_cc_flag__pedantic=yes
xorg_cv_cc_flag_unknown_warning_option=no
xorg_cv_cc_flag_unused_command_line_argument=no

## ----------------- ##
## Output variables. ##
## ----------------- ##

ACLOCAL='${SHELL} '\''/run/media/henrique/05d762e4-65c1-43a5-b812-7212dc8a68c5/Projetos/Power-Dev/src/xcompmgr-modified/missing'\'' aclocal-1.16'
ADMIN_MAN_DIR='$(mandir)/man$(ADMIN_MAN_SUFFIX)'
ADMIN_MAN_SUFFIX='8'
AMDEPBACKSLASH='\'
AMDEP_FALSE='#'
AMDEP_TRUE=''
AMTAR='$${TAR-tar}'
AM_BACKSLASH='\'
AM_DEFAULT_V='$(AM_DEFAULT_VERBOSITY)'
AM_DEFAULT_VERBOSITY='0'
AM_V='$(V)'
APP_MAN_DIR='$(mandir)/man$(APP_MAN_SUFFIX)'
APP_MAN_SUFFIX='1'
AUTOCONF='${SHELL} '\''/run/media/henrique/05d762e4-65c1-43a5-b812-7212dc8a68c5/Projetos/Power-Dev/src/xcompmgr-modified/missing'\'' autoconf'
AUTOHEADER='${SHELL} '\''/run/media/henrique/05d762e4-65c1-43a5-b812-7212dc8a68c5/Projetos/Power-Dev/src/xcompmgr-modified/missing'\'' autoheader'
AUTOMAKE='${SHELL} '\''/run/media/henrique/05d762e4-65c1-43a5-b812-7212dc8a68c5/Projetos/Power-Dev/src/xcompmgr-modified/missing'\'' automake-1.16'
AWK='gawk'
BASE_CFLAGS=' -Wall -Wpointer-arith -Wmissing-declarations -Wformat=2 -Wstrict-prototypes -Wmissing-prototypes -Wnested-externs -Wbad-function-cast -Wold-style-definition -Wdeclaration-after-statement -Wunused -Wuninitialized -Wshadow -Wmissing-noreturn -Wmissing-format-attribute -Wredundant-decls -Wlogical-op -Werror=implicit -Werror=nonnull -Werror=init-self -Werror=main -Werror=missing-braces -Werror=sequence-point -Werror=return-type -Werror=trigraphs -Werror=array-bounds -Werror=write-strings -Werror=address -Werror=int-to-pointer-cast -Werror=pointer-to-int-cast'
CC='gcc'
CCDEPMODE='depmode=gcc3'
CFLAGS='-g -O2'
CHANGELOG_CMD='((GIT_DIR=$(top_srcdir)/.git git log > $(top_srcdir)/.changelog.tmp) 2>/dev/null && mv $(top_srcdir)/.changelog.tmp $(top_srcdir)/ChangeLog) || (rm -f $(top_srcdir)/.changelog.tmp; test -e $(top_srcdir)/ChangeLog || ( touch $(top_srcdir)/ChangeLog; echo '\''git failed to create ChangeLog: installing empty ChangeLog.'\'' >&2))'
CPPFLAGS=''
CSCOPE='cscope'
CTAGS='ctags'
CWARNFLAGS=' -Wall -Wpointer-arith -Wmissing-declarations -Wformat=2 -Wstrict-prototypes -Wmissing-prototypes -Wnested-externs -Wbad-function-cast -Wold-style-definition -Wdeclaration-after-statement -Wunused -Wuninitialized -Wshadow -Wmissing-noreturn -Wmissing-format-attribute -Wredundant-decls -Wlogical-op -Werror=implicit -Werror=nonnull -Werror=init-self -Werror=main -Werror=missing-braces -Werror=sequence-point -Werror=return-type -Werror=trigraphs -Werror=array-bounds -Werror=write-strings -Werror=address -Werror=int-to-pointer-cast -Werror=pointer-to-int-cast -fno-strict-aliasing'
CYGPATH_W='echo'
DEFS=''
DEPDIR='.deps'
DRIVER_MAN_DIR='$(mandir)/man$(DRIVER_MAN_SUFFIX)'
DRIVER_MAN_SUFFIX='4'
ECHO_C=''
ECHO_N='-n'
ECHO_T=''
ETAGS='etags'
EXEEXT=''
FILE_MAN_DIR='$(mandir)/man$(FILE_MAN_SUFFIX)'
FILE_MAN_SUFFIX='5'
INSTALL_CMD='(cp -f /INSTALL $(top_srcdir)/.INSTALL.tmp && mv $(top_srcdir)/.INSTALL.tmp $(top_srcdir)/INSTALL) || (rm -f $(top_srcdir)/.INSTALL.tmp; test -e $(top_srcdir)/INSTALL || ( touch $(top_srcdir)/INSTALL; echo '\''failed to copy INSTALL from util-macros: installing empty INSTALL.'\'' >&2))'
INSTALL_DATA='${INSTALL} -m 644'
INSTALL_PROGRAM='${INSTALL}'
INSTALL_SCRIPT='${INSTALL}'
INSTALL_STRIP_PROGRAM='$(install_sh) -c -s'
LDFLAGS=''
LIBOBJS=''
LIBS=''
LIB_MAN_DIR='$(mandir)/man$(LIB_MAN_SUFFIX)'
LIB_MAN_SUFFIX='3'
LTLIBOBJS=''
MAKEINFO='${SHELL} '\''/run/media/henrique/05d762e4-65c1-43a5-b812-7212dc8a68c5/Projetos/Power-Dev/src/xcompmgr-modified/missing'\'' makeinfo'
MAN_SUBSTS='	-e '\''s|__vendorversion__|"$(PACKAGE_STRING)" "$(XORG_MAN_PAGE)"|'\'' 	-e '\''s|__xorgversion__|"$(PACKAGE_STRING)" "$(XORG_MAN_PAGE)"|'\'' 	-e '\''s|__xservername__|Xorg|g'\'' 	-e '\''s|__xconfigfile__|xorg.conf|g'\'' 	-e '\''s|__projectroot__|$(prefix)|g'\'' 	-e '\''s|__apploaddir__|$(appdefaultdir)|g'\'' 	-e '\''s|__appmansuffix__|$(APP_MAN_SUFFIX)|g'\'' 	-e '\''s|__drivermansuffix__|$(DRIVER_MAN_SUFFIX)|g'\'' 	-e '\''s|__adminmansuffix__|$(ADMIN_MAN_SUFFIX)|g'\'' 	-e '\''s|__libmansuffix__|$(LIB_MAN_SUFFIX)|g'\'' 	-e '\''s|__miscmansuffix__|$(MISC_MAN_SUFFIX)|g'\'' 	-e '\''s|__filemansuffix__|$(FILE_MAN_SUFFIX)|g'\'''
MISC_MAN_DIR='$(mandir)/man$(MISC_MAN_SUFFIX)'
MISC_MAN_SUFFIX='7'
MKDIR_P='/nix/store/rry6qingvsrqmc7ll7jgaqpybcbdgf5v-coreutils-9.7/bin/mkdir -p'
OBJEXT='o'
PACKAGE='xcompmgr'
PACKAGE_BUGREPORT='https://gitlab.freedesktop.org/xorg/app/xcompmgr/-/issues'
PACKAGE_NAME='xcompmgr'
PACKAGE_STRING='xcompmgr 1.1.9'
PACKAGE_TARNAME='xcompmgr'
PACKAGE_URL=''
PACKAGE_VERSION='1.1.9'
PATH_SEPARATOR=':'
PKG_CONFIG='/nix/store/284df5f5mq01h1wmsz9grrqzraa3r9vi-pkg-config-wrapper-0.29.2/bin/pkg-config'
PKG_CONFIG_LIBDIR=''
PKG_CONFIG_PATH=''
SED='/nix/store/4rpiqv9yr2pw5094v4wc33ijkqjpm9sa-gnused-4.9/bin/sed'
SET_MAKE=''
SHELL='/nix/store/cfqbabpc7xwg8akbcchqbq3cai6qq2vs-bash-5.2p37/bin/bash'
STRICT_CFLAGS=' -pedantic -Werror -Werror=attributes'
STRIP='strip'
VERSION='1.1.9'
XCOMPMGR_CFLAGS=''
XCOMPMGR_LIBS=''
XORG_MAN_PAGE='X Version 11'
ac_ct_CC='gcc'
am__EXEEXT_FALSE=''
am__EXEEXT_TRUE=''
am__fastdepCC_FALSE='#'
am__fastdepCC_TRUE=''
am__include='include'
am__isrc=' -I$(srcdir)'
am__leading_dot='.'
am__nodep='_no'
am__quote=''
am__tar='$${TAR-tar} chof - "$$tardir"'
am__untar='$${TAR-tar} xf -'
bindir='${exec_prefix}/bin'
build='x86_64-pc-linux-gnu'
build_alias=''
build_cpu='x86_64'
build_os='linux-gnu'
build_vendor='pc'
datadir='${datarootdir}'
datarootdir='${prefix}/share'
docdir='${datarootdir}/doc/${PACKAGE_TARNAME}'
dvidir='${docdir}'
exec_prefix='NONE'
host='x86_64-pc-linux-gnu'
host_alias=''
host_cpu='x86_64'
host_os='linux-gnu'
host_vendor='pc'
htmldir='${docdir}'
includedir='${prefix}/include'
infodir='${datarootdir}/info'
install_sh='${SHELL} /run/media/henrique/05d762e4-65c1-43a5-b812-7212dc8a68c5/Projetos/Power-Dev/src/xcompmgr-modified/install-sh'
libdir='${exec_prefix}/lib'
libexecdir='${exec_prefix}/libexec'
localedir='${datarootdir}/locale'
localstatedir='${prefix}/var'
mandir='${datarootdir}/man'
mkdir_p='$(MKDIR_P)'
oldincludedir='/usr/include'
pdfdir='${docdir}'
prefix='NONE'
program_transform_name='s,x,x,'
psdir='${docdir}'
runstatedir='${localstatedir}/run'
sbindir='${exec_prefix}/sbin'
sharedstatedir='${prefix}/com'
sysconfdir='${prefix}/etc'
target_alias=''

## ----------- ##
## confdefs.h. ##
## ----------- ##

/* confdefs.h */
#define PACKAGE_NAME "xcompmgr"
#define PACKAGE_TARNAME "xcompmgr"
#define PACKAGE_VERSION "1.1.9"
#define PACKAGE_STRING "xcompmgr 1.1.9"
#define PACKAGE_BUGREPORT "https://gitlab.freedesktop.org/xorg/app/xcompmgr/-/issues"
#define PACKAGE_URL ""
#define PACKAGE "xcompmgr"
#define VERSION "1.1.9"
#define HAVE_STDIO_H 1
#define HAVE_STDLIB_H 1
#define HAVE_STRING_H 1
#define HAVE_INTTYPES_H 1
#define HAVE_STDINT_H 1
#define HAVE_STRINGS_H 1
#define HAVE_SYS_STAT_H 1
#define HAVE_SYS_TYPES_H 1
#define HAVE_UNISTD_H 1
#define STDC_HEADERS 1
#define PACKAGE_VERSION_MAJOR 1
#define PACKAGE_VERSION_MINOR 1
#define PACKAGE_VERSION_PATCHLEVEL 9

configure: exit 1
